{"uuid":"832fc4a2-847c-4649-b6cd-d81bd996cf4f","historyId":"36c167c0b3d3f00205fefaa1286ea0d6","fullName":"io.cucumber.testng.AbstractTestNGCucumberTests.runScenario","labels":[{"name":"package","value":"dsAlgoTestRunner.Runner"},{"name":"testClass","value":"dsAlgoTestRunner.Runner"},{"name":"testMethod","value":"runScenario"},{"name":"parentSuite","value":"Default suite"},{"name":"suite","value":"Default test"},{"name":"subSuite","value":"dsAlgoTestRunner.Runner"},{"name":"host","value":"DESKTOP-I6EP1Q3"},{"name":"thread","value":"6080@DESKTOP-I6EP1Q3.main(1)"},{"name":"framework","value":"testng"},{"name":"language","value":"java"}],"links":[],"name":"Runs Cucumber Scenarios","status":"failed","statusDetails":{"known":false,"muted":false,"flaky":false,"message":"java.lang.AssertionError","trace":"java.lang.AssertionError\r\n\tat org.junit.Assert.fail(Assert.java:87)\r\n\tat org.junit.Assert.assertTrue(Assert.java:42)\r\n\tat org.junit.Assert.assertTrue(Assert.java:53)\r\n\tat stepDefinition.ArrayPage_Steps.user_is_on_array_in_python_page(ArrayPage_Steps.java:81)\r\n\tat âœ½.user is on Array in python page(file:///C:/Users/mayan/eclipse-workspace2/DsAlgo_BDDFramework/src/test/resources/DsAlgoFeature/Array_pg.feature:25)\r\n"},"stage":"finished","steps":[],"attachments":[],"parameters":[{"name":"arg1","value":"\"Optional[Array feature]\""},{"name":"arg0","value":"\"Successful code execution on TryHere for  Array in python sub-module\""}],"start":1695681394516,"stop":1695681410980}